2024-02-16T21:25:03.444+05:30  INFO 12424 --- [restartedMain] c.z.mi.MaterialInspectionApplication     : Starting MaterialInspectionApplication using Java 17.0.9 with PID 12424 (D:\Jagadesh\Java\spring\boot\material inspection\material_inspection\target\classes started by Jagadeesh in D:\Jagadesh\Java\spring\boot\material inspection\material_inspection)
2024-02-16T21:25:03.447+05:30  INFO 12424 --- [restartedMain] c.z.mi.MaterialInspectionApplication     : No active profile set, falling back to 1 default profile: "default"
2024-02-16T21:25:03.508+05:30  INFO 12424 --- [restartedMain] .e.DevToolsPropertyDefaultsPostProcessor : Devtools property defaults active! Set 'spring.devtools.add-properties' to 'false' to disable
2024-02-16T21:25:03.508+05:30  INFO 12424 --- [restartedMain] .e.DevToolsPropertyDefaultsPostProcessor : For additional web related logging consider setting the 'logging.level.web' property to 'DEBUG'
2024-02-16T21:25:04.619+05:30  INFO 12424 --- [restartedMain] .s.d.r.c.RepositoryConfigurationDelegate : Bootstrapping Spring Data JPA repositories in DEFAULT mode.
2024-02-16T21:25:04.828+05:30  INFO 12424 --- [restartedMain] .s.d.r.c.RepositoryConfigurationDelegate : Finished Spring Data repository scanning in 184 ms. Found 7 JPA repository interfaces.
2024-02-16T21:25:05.683+05:30  INFO 12424 --- [restartedMain] o.s.b.w.embedded.tomcat.TomcatWebServer  : Tomcat initialized with port 8080 (http)
2024-02-16T21:25:05.700+05:30  INFO 12424 --- [restartedMain] o.apache.catalina.core.StandardService   : Starting service [Tomcat]
2024-02-16T21:25:05.700+05:30  INFO 12424 --- [restartedMain] o.apache.catalina.core.StandardEngine    : Starting Servlet engine: [Apache Tomcat/10.1.18]
2024-02-16T21:25:05.945+05:30  INFO 12424 --- [restartedMain] org.apache.jasper.servlet.TldScanner     : At least one JAR was scanned for TLDs yet contained no TLDs. Enable debug logging for this logger for a complete list of JARs that were scanned but no TLDs were found in them. Skipping unneeded JARs during scanning can improve startup time and JSP compilation time.
2024-02-16T21:25:05.954+05:30  INFO 12424 --- [restartedMain] o.a.c.c.C.[Tomcat].[localhost].[/]       : Initializing Spring embedded WebApplicationContext
2024-02-16T21:25:05.954+05:30  INFO 12424 --- [restartedMain] w.s.c.ServletWebServerApplicationContext : Root WebApplicationContext: initialization completed in 2445 ms
2024-02-16T21:25:06.149+05:30  INFO 12424 --- [restartedMain] o.hibernate.jpa.internal.util.LogHelper  : HHH000204: Processing PersistenceUnitInfo [name: default]
2024-02-16T21:25:06.295+05:30  INFO 12424 --- [restartedMain] org.hibernate.Version                    : HHH000412: Hibernate ORM core version 6.4.1.Final
2024-02-16T21:25:06.395+05:30  INFO 12424 --- [restartedMain] o.h.c.internal.RegionFactoryInitiator    : HHH000026: Second-level cache disabled
2024-02-16T21:25:06.842+05:30  INFO 12424 --- [restartedMain] o.s.o.j.p.SpringPersistenceUnitInfo      : No LoadTimeWeaver setup: ignoring JPA class transformer
2024-02-16T21:25:06.884+05:30  INFO 12424 --- [restartedMain] com.zaxxer.hikari.HikariDataSource       : HikariPool-1 - Starting...
2024-02-16T21:25:07.341+05:30  INFO 12424 --- [restartedMain] com.zaxxer.hikari.pool.HikariPool        : HikariPool-1 - Added connection org.postgresql.jdbc.PgConnection@23ba3417
2024-02-16T21:25:07.344+05:30  INFO 12424 --- [restartedMain] com.zaxxer.hikari.HikariDataSource       : HikariPool-1 - Start completed.
2024-02-16T21:25:09.080+05:30  INFO 12424 --- [restartedMain] o.h.e.t.j.p.i.JtaPlatformInitiator       : HHH000489: No JTA platform available (set 'hibernate.transaction.jta.platform' to enable JTA platform integration)
2024-02-16T21:25:09.408+05:30  INFO 12424 --- [restartedMain] j.LocalContainerEntityManagerFactoryBean : Initialized JPA EntityManagerFactory for persistence unit 'default'
2024-02-16T21:25:09.907+05:30  INFO 12424 --- [restartedMain] o.s.d.j.r.query.QueryEnhancerFactory     : Hibernate is in classpath; If applicable, HQL parser will be used.
2024-02-16T21:25:10.042+05:30  WARN 12424 --- [restartedMain] JpaBaseConfiguration$JpaWebConfiguration : spring.jpa.open-in-view is enabled by default. Therefore, database queries may be performed during view rendering. Explicitly configure spring.jpa.open-in-view to disable this warning
2024-02-16T21:25:10.574+05:30  INFO 12424 --- [restartedMain] o.s.b.d.a.OptionalLiveReloadServer       : LiveReload server is running on port 35729
2024-02-16T21:25:10.645+05:30  INFO 12424 --- [restartedMain] o.s.b.w.embedded.tomcat.TomcatWebServer  : Tomcat started on port 8080 (http) with context path ''
2024-02-16T21:25:10.663+05:30  INFO 12424 --- [restartedMain] c.z.mi.MaterialInspectionApplication     : Started MaterialInspectionApplication in 7.822 seconds (process running for 9.099)
2024-02-16T21:25:44.485+05:30  INFO 12424 --- [File Watcher] rtingClassPathChangeChangedEventListener : Restarting due to 1 class path change (0 additions, 0 deletions, 1 modification)
2024-02-16T21:25:44.536+05:30  INFO 12424 --- [Thread-5] j.LocalContainerEntityManagerFactoryBean : Closing JPA EntityManagerFactory for persistence unit 'default'
2024-02-16T21:25:44.541+05:30  INFO 12424 --- [Thread-5] com.zaxxer.hikari.HikariDataSource       : HikariPool-1 - Shutdown initiated...
2024-02-16T21:25:44.560+05:30  INFO 12424 --- [Thread-5] com.zaxxer.hikari.HikariDataSource       : HikariPool-1 - Shutdown completed.
